Arguments: 
  C:\Program Files\nodejs\node.exe C:\Users\TP\AppData\Roaming\npm\node_modules\yarn\bin\yarn.js add yeoman-generator

PATH: 
  C:\WINDOWS\system32;C:\WINDOWS;C:\WINDOWS\System32\Wbem;C:\WINDOWS\System32\WindowsPowerShell\v1.0\;C:\Program Files\Git\cmd;C:\WINDOWS\System32\OpenSSH\;C:\Program Files (x86)\Windows Kits\8.1\Windows Performance Toolkit\;C:\Program Files\nodejs\;C:\Users\TP\AppData\Local\Programs\Python\Python36-32\;C:\Users\TP\AppData\Local\Programs\Python\Python36-32\Scripts\;C:\Users\TP\AppData\Local\Microsoft\WindowsApps;D:\vscode\Microsoft VS Code\bin;C:\Users\TP\AppData\Roaming\npm;D:\fiddler;

Yarn version: 
  1.22.4

Node version: 
  12.16.3

Platform: 
  win32 x64

Trace: 
  Error: connect ENETUNREACH 104.16.22.35:443
      at TCPConnectWrap.afterConnect [as oncomplete] (net.js:1141:16)

npm manifest: 
  {
    "name": "generator-my",
    "version": "1.0.0",
    "main": "index.js",
    "license": "MIT"
  }

yarn manifest: 
  No manifest

Lockfile: 
  No lockfile
